<?xml version="1.0" encoding="UTF-8"?>
<!-- Generated by org.testng.reporters.JUnitReportReporter -->
<testsuite hostname="Krishanus-MacBook-Pro.local" failures="0" tests="2" name="tests.HomePageTest" time="0.164" errors="0" timestamp="2023-02-06T11:33:09 IST" skipped="0">
  <testcase classname="tests.HomePageTest" name="validateContactFooter" time="0.075"/>
  <system-out/>
  <testcase classname="tests.HomePageTest" name="validateHomePageHeader" time="0.089"/>
  <system-out/>
</testsuite> <!-- tests.HomePageTest -->
